<?xml version="1.0" encoding="UTF-8"?>
<!-- Generated by org.testng.reporters.JUnitXMLReporter -->
<testsuite ignored="0" hostname="EXPLPT453" failures="0" tests="5" name="Default test" time="104.592" errors="0" timestamp="2023-08-22T16:46:06 IST">
  <testcase classname="productsNegative.ProductsCode" name="ProductCodeTest" time="40.488"/>
  <testcase classname="productsNegative.ProductsCode" name="codetest" time="8.053"/>
  <testcase classname="productsNegative.ProductsCode" name="codeBlanck" time="7.891"/>
  <testcase classname="productsNegative.ProductsCode" name="descriptiontest" time="10.159"/>
  <testcase classname="productsNegative.ProductsCode" name="descriptiontestBlanck" time="7.961"/>
</testsuite> <!-- Default test -->
