<?xml version="1.0" encoding="UTF-8"?>
<testng-results ignored="0" total="1" passed="1" failed="0" skipped="0">
  <reporter-output>
  </reporter-output>
  <suite started-at="2023-09-05T20:02:25 IST" name="Default suite" finished-at="2023-09-05T20:02:58 IST" duration-ms="33006">
    <groups>
    </groups>
    <test started-at="2023-09-05T20:02:25 IST" name="Default test" finished-at="2023-09-05T20:02:58 IST" duration-ms="33006">
      <class name="viewshipmenttaskNegative.Vsbuttoncheck">
        <test-method is-config="true" signature="setup()[pri:0, instance:viewshipmenttaskNegative.Vsbuttoncheck@76f7d241]" started-at="2023-09-05T20:02:25 IST" name="setup" finished-at="2023-09-05T20:02:35 IST" duration-ms="10617" status="PASS">
          <reporter-output>
          </reporter-output>
        </test-method> <!-- setup -->
        <test-method signature="ButtonsTest()[pri:0, instance:viewshipmenttaskNegative.Vsbuttoncheck@76f7d241]" started-at="2023-09-05T20:02:35 IST" name="ButtonsTest" finished-at="2023-09-05T20:02:58 IST" duration-ms="22332" status="PASS">
          <reporter-output>
          </reporter-output>
        </test-method> <!-- ButtonsTest -->
      </class> <!-- viewshipmenttaskNegative.Vsbuttoncheck -->
    </test> <!-- Default test -->
  </suite> <!-- Default suite -->
</testng-results>
