<?xml version="1.0" encoding="UTF-8"?>
<testng-results ignored="0" total="3" passed="3" failed="0" skipped="0">
  <reporter-output>
  </reporter-output>
  <suite started-at="2023-09-08T10:25:33 IST" name="Default suite" finished-at="2023-09-08T10:27:12 IST" duration-ms="99085">
    <groups>
    </groups>
    <test started-at="2023-09-08T10:25:33 IST" name="Default test" finished-at="2023-09-08T10:27:12 IST" duration-ms="99085">
      <class name="manifestexplorernegative.ManifestExplorer">
        <test-method is-config="true" signature="setup()[pri:0, instance:manifestexplorernegative.ManifestExplorer@3234f74e]" started-at="2023-09-08T10:25:33 IST" name="setup" finished-at="2023-09-08T10:25:41 IST" duration-ms="7181" status="PASS">
          <reporter-output>
          </reporter-output>
        </test-method> <!-- setup -->
        <test-method signature="testcarriers()[pri:0, instance:manifestexplorernegative.ManifestExplorer@3234f74e]" started-at="2023-09-08T10:25:41 IST" name="testcarriers" finished-at="2023-09-08T10:25:56 IST" duration-ms="15162" status="PASS">
          <reporter-output>
          </reporter-output>
        </test-method> <!-- testcarriers -->
        <test-method signature="ActiveManifestTest()[pri:1, instance:manifestexplorernegative.ManifestExplorer@3234f74e]" started-at="2023-09-08T10:25:56 IST" name="ActiveManifestTest" finished-at="2023-09-08T10:26:41 IST" duration-ms="45561" status="PASS">
          <reporter-output>
          </reporter-output>
        </test-method> <!-- ActiveManifestTest -->
        <test-method signature="FutureManifestTest()[pri:2, instance:manifestexplorernegative.ManifestExplorer@3234f74e]" started-at="2023-09-08T10:26:41 IST" name="FutureManifestTest" finished-at="2023-09-08T10:27:12 IST" duration-ms="30229" status="PASS">
          <reporter-output>
          </reporter-output>
        </test-method> <!-- FutureManifestTest -->
        <test-method is-config="true" signature="teardown()[pri:0, instance:manifestexplorernegative.ManifestExplorer@3234f74e]" started-at="2023-09-08T10:27:12 IST" name="teardown" finished-at="2023-09-08T10:27:12 IST" duration-ms="920" status="PASS">
          <reporter-output>
          </reporter-output>
        </test-method> <!-- teardown -->
      </class> <!-- manifestexplorernegative.ManifestExplorer -->
    </test> <!-- Default test -->
  </suite> <!-- Default suite -->
</testng-results>
