<?xml version="1.0" encoding="UTF-8"?>
<testng-results ignored="0" total="1" passed="1" failed="0" skipped="0">
  <reporter-output>
  </reporter-output>
  <suite started-at="2023-10-04T15:37:46 IST" name="Default suite" finished-at="2023-10-04T15:39:30 IST" duration-ms="103027">
    <groups>
    </groups>
    <test started-at="2023-10-04T15:37:46 IST" name="Default test" finished-at="2023-10-04T15:39:30 IST" duration-ms="103027">
      <class name="swoswithpacknegative.SwosWithPackNegative">
        <test-method is-config="true" signature="setup()[pri:0, instance:swoswithpacknegative.SwosWithPackNegative@754777cd]" started-at="2023-10-04T15:37:47 IST" name="setup" finished-at="2023-10-04T15:38:02 IST" duration-ms="15366" status="PASS">
          <reporter-output>
          </reporter-output>
        </test-method> <!-- setup -->
        <test-method signature="TestaddGroups()[pri:0, instance:swoswithpacknegative.SwosWithPackNegative@754777cd]" started-at="2023-10-04T15:38:02 IST" name="TestaddGroups" finished-at="2023-10-04T15:39:30 IST" duration-ms="87592" status="PASS">
          <reporter-output>
          </reporter-output>
        </test-method> <!-- TestaddGroups -->
      </class> <!-- swoswithpacknegative.SwosWithPackNegative -->
    </test> <!-- Default test -->
  </suite> <!-- Default suite -->
</testng-results>
