<?xml version="1.0" encoding="UTF-8"?>
<testng-results ignored="0" total="1" passed="1" failed="0" skipped="0">
  <reporter-output>
  </reporter-output>
  <suite started-at="2023-08-24T11:15:33 IST" name="Default suite" finished-at="2023-08-24T11:17:06 IST" duration-ms="93447">
    <groups>
    </groups>
    <test started-at="2023-08-24T11:15:33 IST" name="Default test" finished-at="2023-08-24T11:17:06 IST" duration-ms="93447">
      <class name="thirdpartyaccounts.TPACityStateZip">
        <test-method is-config="true" signature="setup()[pri:0, instance:thirdpartyaccounts.TPACityStateZip@1bb1fde8]" started-at="2023-08-24T11:15:33 IST" name="setup" finished-at="2023-08-24T11:16:11 IST" duration-ms="38552" status="PASS">
          <reporter-output>
          </reporter-output>
        </test-method> <!-- setup -->
        <test-method signature="Testcity()[pri:0, instance:thirdpartyaccounts.TPACityStateZip@1bb1fde8]" started-at="2023-08-24T11:16:11 IST" name="Testcity" finished-at="2023-08-24T11:17:06 IST" duration-ms="54852" status="PASS">
          <reporter-output>
          </reporter-output>
        </test-method> <!-- Testcity -->
      </class> <!-- thirdpartyaccounts.TPACityStateZip -->
    </test> <!-- Default test -->
  </suite> <!-- Default suite -->
</testng-results>
