<?xml version="1.0" encoding="UTF-8"?>
<testng-results ignored="0" total="1" passed="1" failed="0" skipped="0">
  <reporter-output>
  </reporter-output>
  <suite started-at="2023-11-03T10:21:42 IST" name="Default suite" finished-at="2023-11-03T10:23:03 IST" duration-ms="81132">
    <groups>
    </groups>
    <test started-at="2023-11-03T10:21:42 IST" name="Default test" finished-at="2023-11-03T10:23:03 IST" duration-ms="81132">
      <class name="orgSiteGroups.UserAddingTest">
        <test-method is-config="true" signature="setup()[pri:0, instance:orgSiteGroups.UserAddingTest@21526f6c]" started-at="2023-11-03T10:21:42 IST" name="setup" finished-at="2023-11-03T10:21:55 IST" duration-ms="13219" status="PASS">
          <reporter-output>
          </reporter-output>
        </test-method> <!-- setup -->
        <test-method signature="TestUser()[pri:0, instance:orgSiteGroups.UserAddingTest@21526f6c]" started-at="2023-11-03T10:21:55 IST" name="TestUser" finished-at="2023-11-03T10:23:03 IST" duration-ms="67873" status="PASS">
          <reporter-output>
          </reporter-output>
        </test-method> <!-- TestUser -->
      </class> <!-- orgSiteGroups.UserAddingTest -->
    </test> <!-- Default test -->
  </suite> <!-- Default suite -->
</testng-results>
