<?xml version="1.0" encoding="UTF-8"?>
<testng-results ignored="0" total="4" passed="4" failed="0" skipped="0">
  <reporter-output>
  </reporter-output>
  <suite started-at="2023-08-22T14:06:23 IST" name="Default suite" finished-at="2023-08-22T14:07:47 IST" duration-ms="84046">
    <groups>
    </groups>
    <test started-at="2023-08-22T14:06:23 IST" name="Default test" finished-at="2023-08-22T14:07:47 IST" duration-ms="84046">
      <class name="productsNegative.ProductsCode">
        <test-method is-config="true" signature="setup()[pri:0, instance:productsNegative.ProductsCode@1bb1fde8]" started-at="2023-08-22T14:06:23 IST" name="setup" finished-at="2023-08-22T14:06:47 IST" duration-ms="24134" status="PASS">
          <reporter-output>
          </reporter-output>
        </test-method> <!-- setup -->
        <test-method signature="ProductCodeTest()[pri:0, instance:productsNegative.ProductsCode@1bb1fde8]" started-at="2023-08-22T14:06:47 IST" name="ProductCodeTest" finished-at="2023-08-22T14:07:28 IST" duration-ms="40487" status="PASS">
          <reporter-output>
          </reporter-output>
        </test-method> <!-- ProductCodeTest -->
        <test-method signature="codetest()[pri:1, instance:productsNegative.ProductsCode@1bb1fde8]" started-at="2023-08-22T14:07:28 IST" name="codetest" finished-at="2023-08-22T14:07:34 IST" duration-ms="6475" status="PASS">
          <reporter-output>
          </reporter-output>
        </test-method> <!-- codetest -->
        <test-method signature="codeBlanck()[pri:2, instance:productsNegative.ProductsCode@1bb1fde8]" started-at="2023-08-22T14:07:34 IST" name="codeBlanck" finished-at="2023-08-22T14:07:41 IST" duration-ms="6431" status="PASS">
          <reporter-output>
          </reporter-output>
        </test-method> <!-- codeBlanck -->
        <test-method signature="descriptiontest()[pri:3, instance:productsNegative.ProductsCode@1bb1fde8]" started-at="2023-08-22T14:07:41 IST" name="descriptiontest" finished-at="2023-08-22T14:07:47 IST" duration-ms="6474" status="PASS">
          <reporter-output>
          </reporter-output>
        </test-method> <!-- descriptiontest -->
      </class> <!-- productsNegative.ProductsCode -->
    </test> <!-- Default test -->
  </suite> <!-- Default suite -->
</testng-results>
