<?xml version="1.0" encoding="UTF-8"?>
<testng-results ignored="0" total="2" passed="2" failed="0" skipped="0">
  <reporter-output>
  </reporter-output>
  <suite started-at="2023-08-30T18:04:11 IST" name="Default suite" finished-at="2023-08-30T18:05:32 IST" duration-ms="81049">
    <groups>
    </groups>
    <test started-at="2023-08-30T18:04:11 IST" name="Default test" finished-at="2023-08-30T18:05:32 IST" duration-ms="81049">
      <class name="processhipmentnegative.ProcesShipmentSWOS">
        <test-method is-config="true" signature="setup()[pri:0, instance:processhipmentnegative.ProcesShipmentSWOS@15eebbff]" started-at="2023-08-30T18:04:11 IST" name="setup" finished-at="2023-08-30T18:04:24 IST" duration-ms="13465" status="PASS">
          <reporter-output>
          </reporter-output>
        </test-method> <!-- setup -->
        <test-method signature="TestSWOS()[pri:0, instance:processhipmentnegative.ProcesShipmentSWOS@15eebbff]" started-at="2023-08-30T18:04:24 IST" name="TestSWOS" finished-at="2023-08-30T18:05:14 IST" duration-ms="49552" status="PASS">
          <reporter-output>
          </reporter-output>
        </test-method> <!-- TestSWOS -->
        <test-method signature="addshipid()[pri:1, instance:processhipmentnegative.ProcesShipmentSWOS@15eebbff]" started-at="2023-08-30T18:05:14 IST" name="addshipid" finished-at="2023-08-30T18:05:32 IST" duration-ms="17985" status="PASS">
          <reporter-output>
          </reporter-output>
        </test-method> <!-- addshipid -->
      </class> <!-- processhipmentnegative.ProcesShipmentSWOS -->
    </test> <!-- Default test -->
  </suite> <!-- Default suite -->
</testng-results>
