<?xml version="1.0" encoding="UTF-8"?>
<testng-results ignored="0" total="5" passed="5" failed="0" skipped="0">
  <reporter-output>
  </reporter-output>
  <suite started-at="2023-08-22T16:44:21 IST" name="Default suite" finished-at="2023-08-22T16:46:06 IST" duration-ms="104592">
    <groups>
    </groups>
    <test started-at="2023-08-22T16:44:21 IST" name="Default test" finished-at="2023-08-22T16:46:06 IST" duration-ms="104592">
      <class name="productsNegative.ProductsCode">
        <test-method is-config="true" signature="setup()[pri:0, instance:productsNegative.ProductsCode@15eebbff]" started-at="2023-08-22T16:44:22 IST" name="setup" finished-at="2023-08-22T16:44:51 IST" duration-ms="29989" status="PASS">
          <reporter-output>
          </reporter-output>
        </test-method> <!-- setup -->
        <test-method signature="ProductCodeTest()[pri:0, instance:productsNegative.ProductsCode@15eebbff]" started-at="2023-08-22T16:44:52 IST" name="ProductCodeTest" finished-at="2023-08-22T16:45:32 IST" duration-ms="40488" status="PASS">
          <reporter-output>
          </reporter-output>
        </test-method> <!-- ProductCodeTest -->
        <test-method signature="codetest()[pri:1, instance:productsNegative.ProductsCode@15eebbff]" started-at="2023-08-22T16:45:32 IST" name="codetest" finished-at="2023-08-22T16:45:40 IST" duration-ms="8053" status="PASS">
          <reporter-output>
          </reporter-output>
        </test-method> <!-- codetest -->
        <test-method signature="codeBlanck()[pri:2, instance:productsNegative.ProductsCode@15eebbff]" started-at="2023-08-22T16:45:40 IST" name="codeBlanck" finished-at="2023-08-22T16:45:48 IST" duration-ms="7891" status="PASS">
          <reporter-output>
          </reporter-output>
        </test-method> <!-- codeBlanck -->
        <test-method signature="descriptiontest()[pri:3, instance:productsNegative.ProductsCode@15eebbff]" started-at="2023-08-22T16:45:48 IST" name="descriptiontest" finished-at="2023-08-22T16:45:58 IST" duration-ms="10159" status="PASS">
          <reporter-output>
          </reporter-output>
        </test-method> <!-- descriptiontest -->
        <test-method signature="descriptiontestBlanck()[pri:4, instance:productsNegative.ProductsCode@15eebbff]" started-at="2023-08-22T16:45:58 IST" name="descriptiontestBlanck" finished-at="2023-08-22T16:46:06 IST" duration-ms="7961" status="PASS">
          <reporter-output>
          </reporter-output>
        </test-method> <!-- descriptiontestBlanck -->
      </class> <!-- productsNegative.ProductsCode -->
    </test> <!-- Default test -->
  </suite> <!-- Default suite -->
</testng-results>
