<?xml version="1.0" encoding="UTF-8"?>
<testng-results ignored="0" total="2" passed="2" failed="0" skipped="0">
  <reporter-output>
  </reporter-output>
  <suite started-at="2023-09-11T17:21:43 IST" name="Default suite" finished-at="2023-09-11T17:22:54 IST" duration-ms="71837">
    <groups>
    </groups>
    <test started-at="2023-09-11T17:21:43 IST" name="Default test" finished-at="2023-09-11T17:22:54 IST" duration-ms="71837">
      <class name="archivedmanifestnegative.ArchivedManifest">
        <test-method is-config="true" signature="setup()[pri:0, instance:archivedmanifestnegative.ArchivedManifest@e260766]" started-at="2023-09-11T17:21:43 IST" name="setup" finished-at="2023-09-11T17:21:53 IST" duration-ms="10417" status="PASS">
          <reporter-output>
          </reporter-output>
        </test-method> <!-- setup -->
        <test-method signature="TestAMDateFrom()[pri:0, instance:archivedmanifestnegative.ArchivedManifest@e260766]" started-at="2023-09-11T17:21:53 IST" name="TestAMDateFrom" finished-at="2023-09-11T17:22:24 IST" duration-ms="30701" status="PASS">
          <reporter-output>
          </reporter-output>
        </test-method> <!-- TestAMDateFrom -->
        <test-method signature="TestAMDateTO()[pri:1, instance:archivedmanifestnegative.ArchivedManifest@e260766]" started-at="2023-09-11T17:22:24 IST" name="TestAMDateTO" finished-at="2023-09-11T17:22:54 IST" duration-ms="30691" status="PASS">
          <reporter-output>
          </reporter-output>
        </test-method> <!-- TestAMDateTO -->
      </class> <!-- archivedmanifestnegative.ArchivedManifest -->
    </test> <!-- Default test -->
  </suite> <!-- Default suite -->
</testng-results>
